Watching for file changes with StatReloader
Internal Server Error: /
Traceback (most recent call last):
  File "C:\Users\asaad\AppData\Local\Packages\PythonSoftwareFoundation.Python.3.8_qbz5n2kfra8p0\LocalCache\local-packages\Python38\site-packages\django\core\handlers\exception.py", line 47, in inner
    response = get_response(request)
TypeError: 'LogSetupMiddleware' object is not callable
"GET / HTTP/1.1" 500 56514
Internal Server Error: /
Traceback (most recent call last):
  File "C:\Users\asaad\AppData\Local\Packages\PythonSoftwareFoundation.Python.3.8_qbz5n2kfra8p0\LocalCache\local-packages\Python38\site-packages\django\core\handlers\exception.py", line 47, in inner
    response = get_response(request)
TypeError: 'LogSetupMiddleware' object is not callable
"GET / HTTP/1.1" 500 56651
C:\Users\asaad\OneDrive\arbeid\FitxProsjekt\settings.py changed, reloading.
Watching for file changes with StatReloader
Watching for file changes with StatReloader
"GET / HTTP/1.1" 200 6405
"GET /static/img/fitx.PNG HTTP/1.1" 404 1662
"GET /kalori HTTP/1.1" 200 11526
C:\Users\asaad\OneDrive\arbeid\workoutPlan\views.py changed, reloading.
Watching for file changes with StatReloader
C:\Users\asaad\OneDrive\arbeid\workoutPlan\views.py changed, reloading.
Watching for file changes with StatReloader
"GET /dashboard HTTP/1.1" 200 5736
"GET /workout HTTP/1.1" 200 6291
username
"POST /workout HTTP/1.1" 302 0
"GET /workout/12 HTTP/1.1" 200 7539
C:\Users\asaad\OneDrive\arbeid\workoutPlan\views.py changed, reloading.
Watching for file changes with StatReloader
"GET /workout HTTP/1.1" 200 6291
asaad
"POST /workout HTTP/1.1" 302 0
"GET /workout/13 HTTP/1.1" 200 7539
Watching for file changes with StatReloader
"GET /dashboard HTTP/1.1" 200 5736
"GET /workout HTTP/1.1" 200 6291
asaad
"POST /workout HTTP/1.1" 302 0
asaad
"GET /workout/14 HTTP/1.1" 200 7545
INFO 2021-05-15 18:21:29,702 autoreload 16260 14924 Watching for file changes with StatReloader
INFO 2021-05-15 18:22:58,268 basehttp 16260 2848 "GET / HTTP/1.1" 200 6405
INFO 2021-05-15 18:22:58,322 basehttp 16260 2848 "GET /static/css/base.css HTTP/1.1" 200 3393
INFO 2021-05-15 18:22:58,323 basehttp 16260 16092 "GET /static/css/home.css HTTP/1.1" 200 936
WARNING 2021-05-15 18:22:58,840 basehttp 16260 16092 "GET /static/img/fitx.PNG HTTP/1.1" 404 1662
INFO 2021-05-15 18:23:02,629 basehttp 16260 4644 "GET /kalori HTTP/1.1" 200 11526
INFO 2021-05-15 18:23:02,695 basehttp 16260 4644 "GET /static/css/kalori.css HTTP/1.1" 200 368
INFO 2021-05-15 18:23:02,702 basehttp 16260 15704 "GET /static/js/kalori.js HTTP/1.1" 200 2694
INFO 2021-05-15 18:23:30,473 basehttp 16260 10964 "GET /boards HTTP/1.1" 200 4688
INFO 2021-05-15 18:24:00,233 basehttp 16260 6832 "GET /kalori HTTP/1.1" 200 11526
INFO 2021-05-15 18:29:31,346 autoreload 14852 16436 Watching for file changes with StatReloader
INFO 2021-05-15 18:29:33,028 basehttp 14852 5044 "GET / HTTP/1.1" 200 6405
WARNING 2021-05-15 18:29:33,254 basehttp 14852 5044 "GET /static/img/fitx.PNG HTTP/1.1" 404 1662
INFO 2021-05-15 18:29:36,521 basehttp 14852 14508 "GET /boards HTTP/1.1" 200 4688
INFO 2021-05-15 18:29:38,176 basehttp 14852 14508 "GET /boards/1/ HTTP/1.1" 200 1725
INFO 2021-05-15 18:29:38,239 basehttp 14852 14508 "GET /static/css/bootstrap.min.css HTTP/1.1" 200 155764
INFO 2021-05-15 18:29:40,660 basehttp 14852 11404 "GET /boards/1/new/ HTTP/1.1" 200 1303
INFO 2021-05-15 18:30:54,572 basehttp 14852 656 "POST /boards/1/new/ HTTP/1.1" 302 0
INFO 2021-05-15 18:30:54,632 basehttp 14852 656 "GET /boards/1/ HTTP/1.1" 200 1926
INFO 2021-05-15 18:30:57,601 basehttp 14852 656 "GET /boards/1/topics/7 HTTP/1.1" 200 943
WARNING 2021-05-15 18:30:57,661 basehttp 14852 656 "GET /static/img/bruker.png HTTP/1.1" 404 1668
INFO 2021-05-15 18:31:01,799 basehttp 14852 13808 "GET /boards/1/topics/7/reply/ HTTP/1.1" 200 1353
INFO 2021-05-15 18:31:08,399 basehttp 14852 13808 "POST /boards/1/topics/7/reply/ HTTP/1.1" 302 0
INFO 2021-05-15 18:31:08,512 basehttp 14852 13808 "GET /boards/1/topics/7 HTTP/1.1" 200 1273
WARNING 2021-05-15 18:31:08,584 basehttp 14852 13808 "GET /static/img/bruker.png HTTP/1.1" 404 1668
INFO 2021-05-15 18:31:19,174 basehttp 14852 1992 "GET /boards/1/ HTTP/1.1" 200 1926
INFO 2021-05-15 18:31:20,881 basehttp 14852 16064 "GET /boards HTTP/1.1" 200 4714
INFO 2021-05-15 18:31:29,804 basehttp 14852 16064 "GET /boards/2/ HTTP/1.1" 200 678
INFO 2021-05-15 18:34:14,238 basehttp 14852 6236 "GET /boards HTTP/1.1" 200 4676
INFO 2021-05-15 18:34:24,443 basehttp 14852 15480 "GET /boards HTTP/1.1" 200 4714
INFO 2021-05-15 18:34:33,234 basehttp 14852 9396 "GET /boards HTTP/1.1" 200 4592
INFO 2021-05-15 18:34:39,269 basehttp 14852 9396 "GET /boards HTTP/1.1" 200 4714
INFO 2021-05-15 18:35:33,307 basehttp 14852 16560 "GET /boards HTTP/1.1" 200 4724
INFO 2021-05-15 18:35:51,788 basehttp 14852 11712 "GET /boards HTTP/1.1" 200 4714
ERROR 2021-05-15 18:37:34,178 log 14852 10348 Internal Server Error: /boards
Traceback (most recent call last):
  File "C:\Users\asaad\AppData\Local\Packages\PythonSoftwareFoundation.Python.3.8_qbz5n2kfra8p0\LocalCache\local-packages\Python38\site-packages\django\template\base.py", line 470, in parse
    compile_func = self.tags[command]
KeyError: 'endfor'

During handling of the above exception, another exception occurred:

Traceback (most recent call last):
  File "C:\Users\asaad\AppData\Local\Packages\PythonSoftwareFoundation.Python.3.8_qbz5n2kfra8p0\LocalCache\local-packages\Python38\site-packages\django\core\handlers\exception.py", line 47, in inner
    response = get_response(request)
  File "C:\Users\asaad\AppData\Local\Packages\PythonSoftwareFoundation.Python.3.8_qbz5n2kfra8p0\LocalCache\local-packages\Python38\site-packages\django\core\handlers\base.py", line 181, in _get_response
    response = wrapped_callback(request, *callback_args, **callback_kwargs)
  File "C:\Users\asaad\OneDrive\arbeid\boards\views.py", line 15, in boards
    return render(request,'boards.html', {'boards': boards, 'post':post})
  File "C:\Users\asaad\AppData\Local\Packages\PythonSoftwareFoundation.Python.3.8_qbz5n2kfra8p0\LocalCache\local-packages\Python38\site-packages\django\shortcuts.py", line 19, in render
    content = loader.render_to_string(template_name, context, request, using=using)
  File "C:\Users\asaad\AppData\Local\Packages\PythonSoftwareFoundation.Python.3.8_qbz5n2kfra8p0\LocalCache\local-packages\Python38\site-packages\django\template\loader.py", line 61, in render_to_string
    template = get_template(template_name, using=using)
  File "C:\Users\asaad\AppData\Local\Packages\PythonSoftwareFoundation.Python.3.8_qbz5n2kfra8p0\LocalCache\local-packages\Python38\site-packages\django\template\loader.py", line 15, in get_template
    return engine.get_template(template_name)
  File "C:\Users\asaad\AppData\Local\Packages\PythonSoftwareFoundation.Python.3.8_qbz5n2kfra8p0\LocalCache\local-packages\Python38\site-packages\django\template\backends\django.py", line 34, in get_template
    return Template(self.engine.get_template(template_name), self)
  File "C:\Users\asaad\AppData\Local\Packages\PythonSoftwareFoundation.Python.3.8_qbz5n2kfra8p0\LocalCache\local-packages\Python38\site-packages\django\template\engine.py", line 143, in get_template
    template, origin = self.find_template(template_name)
  File "C:\Users\asaad\AppData\Local\Packages\PythonSoftwareFoundation.Python.3.8_qbz5n2kfra8p0\LocalCache\local-packages\Python38\site-packages\django\template\engine.py", line 125, in find_template
    template = loader.get_template(name, skip=skip)
  File "C:\Users\asaad\AppData\Local\Packages\PythonSoftwareFoundation.Python.3.8_qbz5n2kfra8p0\LocalCache\local-packages\Python38\site-packages\django\template\loaders\base.py", line 29, in get_template
    return Template(
  File "C:\Users\asaad\AppData\Local\Packages\PythonSoftwareFoundation.Python.3.8_qbz5n2kfra8p0\LocalCache\local-packages\Python38\site-packages\django\template\base.py", line 155, in __init__
    self.nodelist = self.compile_nodelist()
  File "C:\Users\asaad\AppData\Local\Packages\PythonSoftwareFoundation.Python.3.8_qbz5n2kfra8p0\LocalCache\local-packages\Python38\site-packages\django\template\base.py", line 193, in compile_nodelist
    return parser.parse()
  File "C:\Users\asaad\AppData\Local\Packages\PythonSoftwareFoundation.Python.3.8_qbz5n2kfra8p0\LocalCache\local-packages\Python38\site-packages\django\template\base.py", line 478, in parse
    raise self.error(token, e)
  File "C:\Users\asaad\AppData\Local\Packages\PythonSoftwareFoundation.Python.3.8_qbz5n2kfra8p0\LocalCache\local-packages\Python38\site-packages\django\template\base.py", line 476, in parse
    compiled_result = compile_func(self, token)
  File "C:\Users\asaad\AppData\Local\Packages\PythonSoftwareFoundation.Python.3.8_qbz5n2kfra8p0\LocalCache\local-packages\Python38\site-packages\django\template\loader_tags.py", line 270, in do_extends
    nodelist = parser.parse()
  File "C:\Users\asaad\AppData\Local\Packages\PythonSoftwareFoundation.Python.3.8_qbz5n2kfra8p0\LocalCache\local-packages\Python38\site-packages\django\template\base.py", line 478, in parse
    raise self.error(token, e)
  File "C:\Users\asaad\AppData\Local\Packages\PythonSoftwareFoundation.Python.3.8_qbz5n2kfra8p0\LocalCache\local-packages\Python38\site-packages\django\template\base.py", line 476, in parse
    compiled_result = compile_func(self, token)
  File "C:\Users\asaad\AppData\Local\Packages\PythonSoftwareFoundation.Python.3.8_qbz5n2kfra8p0\LocalCache\local-packages\Python38\site-packages\django\template\loader_tags.py", line 213, in do_block
    nodelist = parser.parse(('endblock',))
  File "C:\Users\asaad\AppData\Local\Packages\PythonSoftwareFoundation.Python.3.8_qbz5n2kfra8p0\LocalCache\local-packages\Python38\site-packages\django\template\base.py", line 472, in parse
    self.invalid_block_tag(token, command, parse_until)
  File "C:\Users\asaad\AppData\Local\Packages\PythonSoftwareFoundation.Python.3.8_qbz5n2kfra8p0\LocalCache\local-packages\Python38\site-packages\django\template\base.py", line 522, in invalid_block_tag
    raise self.error(
django.template.exceptions.TemplateSyntaxError: Invalid block tag on line 28: 'endfor', expected 'endblock'. Did you forget to register or load this tag?
ERROR 2021-05-15 18:37:34,181 basehttp 14852 10348 "GET /boards HTTP/1.1" 500 159953
INFO 2021-05-15 18:37:43,725 basehttp 14852 10624 "GET /boards HTTP/1.1" 200 4552
INFO 2021-05-15 18:37:45,293 basehttp 14852 10624 "GET /boards HTTP/1.1" 200 4552
INFO 2021-05-15 18:39:06,563 basehttp 14852 11736 "GET /boards/1/ HTTP/1.1" 200 1926
INFO 2021-05-15 18:39:12,948 basehttp 14852 11220 "GET /boards/2/ HTTP/1.1" 200 678
INFO 2021-05-15 18:47:48,596 autoreload 14852 16436 C:\Users\asaad\OneDrive\arbeid\boards\views.py changed, reloading.
INFO 2021-05-15 18:47:49,560 autoreload 15964 10208 Watching for file changes with StatReloader
INFO 2021-05-15 18:47:53,660 views 15964 2872 asaad
INFO 2021-05-15 18:47:53,684 basehttp 15964 2872 "GET /dashboard HTTP/1.1" 200 5736
INFO 2021-05-15 18:48:07,899 views 15964 2872 asaad
INFO 2021-05-15 18:48:07,912 basehttp 15964 2872 "GET /workout HTTP/1.1" 200 6291
INFO 2021-05-15 18:48:25,620 views 15964 2872 asaad
INFO 2021-05-15 18:48:25,626 basehttp 15964 2872 "GET /dashboard HTTP/1.1" 200 5736
INFO 2021-05-15 18:51:48,430 basehttp 15964 11384 "GET /kalori HTTP/1.1" 200 11526
INFO 2021-05-15 18:52:07,745 basehttp 15964 17780 "GET /Plans HTTP/1.1" 200 3808
INFO 2021-05-15 18:52:47,162 basehttp 15964 1388 "GET /Plans HTTP/1.1" 200 3808
INFO 2021-05-15 18:52:58,616 basehttp 15964 11736 "GET /Plans HTTP/1.1" 200 3808
INFO 2021-05-15 18:53:00,515 basehttp 15964 11736 "GET /Plans HTTP/1.1" 200 3808
INFO 2021-05-15 18:54:09,995 basehttp 15964 18284 "GET /Plans HTTP/1.1" 200 3830
INFO 2021-05-15 18:54:53,367 basehttp 15964 4240 "GET /Plans HTTP/1.1" 200 3830
INFO 2021-05-15 18:54:54,398 basehttp 15964 4240 "GET /Plans HTTP/1.1" 200 3830
INFO 2021-05-15 18:55:24,978 basehttp 15964 14668 "GET /Plans HTTP/1.1" 200 3830
INFO 2021-05-15 18:55:34,238 basehttp 15964 7444 "GET /Plans HTTP/1.1" 200 3830
INFO 2021-05-15 18:56:06,958 basehttp 15964 14052 "GET /Plans HTTP/1.1" 200 3901
INFO 2021-05-15 18:56:07,011 basehttp 15964 14052 "GET /static/MatPlan/Planner.css HTTP/1.1" 200 38
INFO 2021-05-15 18:56:11,967 basehttp 15964 14052 "GET /Plans HTTP/1.1" 200 3901
INFO 2021-05-15 18:58:55,784 basehttp 15964 16516 "GET /user HTTP/1.1" 200 7423
INFO 2021-05-15 19:00:33,026 basehttp 15964 444 "GET /user HTTP/1.1" 200 7346
INFO 2021-05-15 19:00:44,269 basehttp 15964 8360 "GET /user HTTP/1.1" 200 7345
INFO 2021-05-15 19:01:25,765 basehttp 15964 10388 "GET /user HTTP/1.1" 200 7347
INFO 2021-05-15 19:01:39,223 basehttp 15964 9252 "GET /user HTTP/1.1" 200 7347
INFO 2021-05-15 19:01:55,141 basehttp 15964 5808 "GET /user HTTP/1.1" 200 7347
INFO 2021-05-15 19:03:26,003 basehttp 15964 17272 "GET /user HTTP/1.1" 200 7350
INFO 2021-05-16 19:24:22,765 autoreload 19224 21776 Watching for file changes with StatReloader
INFO 2021-05-16 19:24:25,358 basehttp 19224 18308 "GET / HTTP/1.1" 200 6136
WARNING 2021-05-16 19:24:25,509 basehttp 19224 18308 "GET /static/img/fitx.PNG HTTP/1.1" 404 1662
INFO 2021-05-16 19:24:27,572 basehttp 19224 4540 "GET /Plans HTTP/1.1" 200 3629
INFO 2021-05-16 19:24:28,233 basehttp 19224 4540 "GET /static/MatPlan/Planner.css HTTP/1.1" 200 38
ERROR 2021-05-16 19:24:29,138 log 19224 24172 Internal Server Error: /dashboard
Traceback (most recent call last):
  File "C:\Users\ahadd\AppData\Local\Packages\PythonSoftwareFoundation.Python.3.9_qbz5n2kfra8p0\LocalCache\local-packages\Python39\site-packages\django\core\handlers\exception.py", line 47, in inner
    response = get_response(request)
  File "C:\Users\ahadd\AppData\Local\Packages\PythonSoftwareFoundation.Python.3.9_qbz5n2kfra8p0\LocalCache\local-packages\Python39\site-packages\django\core\handlers\base.py", line 181, in _get_response
    response = wrapped_callback(request, *callback_args, **callback_kwargs)
  File "C:\Users\ahadd\OneDrive\Documents\GitHub\getFitX\workoutPlan\views.py", line 16, in dashboard
    user = User.objects.get(id=request.session['_auth_user_id'])
  File "C:\Users\ahadd\AppData\Local\Packages\PythonSoftwareFoundation.Python.3.9_qbz5n2kfra8p0\LocalCache\local-packages\Python39\site-packages\django\contrib\sessions\backends\base.py", line 65, in __getitem__
    return self._session[key]
KeyError: '_auth_user_id'
ERROR 2021-05-16 19:24:29,141 basehttp 19224 24172 "GET /dashboard HTTP/1.1" 500 68480
INFO 2021-05-16 19:24:37,220 basehttp 19224 24172 "GET /boards HTTP/1.1" 200 4419
INFO 2021-05-16 19:24:38,520 basehttp 19224 24172 "GET /kalori HTTP/1.1" 200 11257
INFO 2021-05-16 19:24:40,688 basehttp 19224 8464 "GET /Plans HTTP/1.1" 200 3629
INFO 2021-05-16 19:50:10,003 basehttp 19224 18716 "GET /Plans HTTP/1.1" 200 3733
INFO 2021-05-16 19:50:10,043 basehttp 19224 18716 "GET /static/MatPlan/Planner.css HTTP/1.1" 200 0
INFO 2021-05-16 19:50:28,727 basehttp 19224 20096 "GET /Plans HTTP/1.1" 200 3721
INFO 2021-05-16 19:50:28,821 basehttp 19224 20096 "GET /static/MatPlan/Planner.css HTTP/1.1" 200 47
INFO 2021-05-16 19:50:29,389 basehttp 19224 20096 "GET /Plans HTTP/1.1" 200 3721
INFO 2021-05-16 19:50:29,477 basehttp 19224 20096 "GET /static/MatPlan/Planner.css HTTP/1.1" 304 0
INFO 2021-05-16 19:50:38,833 basehttp 19224 19180 "GET /Plans HTTP/1.1" 200 3721
INFO 2021-05-16 19:50:38,886 basehttp 19224 19180 "GET /static/MatPlan/Planner.css HTTP/1.1" 200 50
INFO 2021-05-16 19:50:56,030 basehttp 19224 22420 "GET /Plans HTTP/1.1" 200 3724
INFO 2021-05-16 19:50:56,110 basehttp 19224 22420 "GET /static/MatPlan/Planner.css HTTP/1.1" 200 50
INFO 2021-05-16 19:51:17,256 basehttp 19224 6940 "GET /Plans HTTP/1.1" 200 3741
INFO 2021-05-16 19:51:17,318 basehttp 19224 6940 "GET /static/MatPlan/Planner.css HTTP/1.1" 304 0
INFO 2021-05-16 19:51:33,569 basehttp 19224 20624 "GET /Plans HTTP/1.1" 200 3741
INFO 2021-05-16 19:51:33,677 basehttp 19224 20624 "GET /static/MatPlan/Planner.css HTTP/1.1" 200 73
INFO 2021-05-16 19:51:37,957 basehttp 19224 18304 "GET /Plans HTTP/1.1" 200 3741
INFO 2021-05-16 19:51:38,023 basehttp 19224 18304 "GET /static/MatPlan/Planner.css HTTP/1.1" 200 73
INFO 2021-05-16 19:51:44,619 basehttp 19224 18304 "GET /kalori HTTP/1.1" 200 11257
INFO 2021-05-16 19:51:45,296 basehttp 19224 18304 "GET /boards HTTP/1.1" 200 4419
ERROR 2021-05-16 19:51:46,056 log 19224 18304 Internal Server Error: /dashboard
Traceback (most recent call last):
  File "C:\Users\ahadd\AppData\Local\Packages\PythonSoftwareFoundation.Python.3.9_qbz5n2kfra8p0\LocalCache\local-packages\Python39\site-packages\django\core\handlers\exception.py", line 47, in inner
    response = get_response(request)
  File "C:\Users\ahadd\AppData\Local\Packages\PythonSoftwareFoundation.Python.3.9_qbz5n2kfra8p0\LocalCache\local-packages\Python39\site-packages\django\core\handlers\base.py", line 181, in _get_response
    response = wrapped_callback(request, *callback_args, **callback_kwargs)
  File "C:\Users\ahadd\OneDrive\Documents\GitHub\getFitX\workoutPlan\views.py", line 16, in dashboard
    user = User.objects.get(id=request.session['_auth_user_id'])
  File "C:\Users\ahadd\AppData\Local\Packages\PythonSoftwareFoundation.Python.3.9_qbz5n2kfra8p0\LocalCache\local-packages\Python39\site-packages\django\contrib\sessions\backends\base.py", line 65, in __getitem__
    return self._session[key]
KeyError: '_auth_user_id'
ERROR 2021-05-16 19:51:46,060 basehttp 19224 18304 "GET /dashboard HTTP/1.1" 500 68481
INFO 2021-05-16 19:51:48,859 basehttp 19224 18724 "GET /Plans HTTP/1.1" 200 3741
INFO 2021-05-16 19:51:48,941 basehttp 19224 18724 "GET /static/MatPlan/Planner.css HTTP/1.1" 304 0
INFO 2021-05-16 19:51:49,807 basehttp 19224 18724 "GET / HTTP/1.1" 200 6136
WARNING 2021-05-16 19:51:49,872 basehttp 19224 18724 "GET /static/img/fitx.PNG HTTP/1.1" 404 1662
INFO 2021-05-16 19:51:57,215 basehttp 19224 21828 "GET /Plans HTTP/1.1" 200 3741
INFO 2021-05-16 19:51:57,289 basehttp 19224 21828 "GET /static/MatPlan/Planner.css HTTP/1.1" 304 0
INFO 2021-05-16 19:52:40,520 basehttp 19224 24368 "GET /Plans HTTP/1.1" 200 3801
INFO 2021-05-16 19:52:40,556 basehttp 19224 24368 "GET /static/MatPlan/Planner.css HTTP/1.1" 304 0
INFO 2021-05-16 19:52:59,369 basehttp 19224 7520 "GET /Plans HTTP/1.1" 200 3801
INFO 2021-05-16 19:52:59,446 basehttp 19224 7520 "GET /static/MatPlan/Planner.css HTTP/1.1" 200 147
INFO 2021-05-16 19:53:10,982 basehttp 19224 5688 "GET /Plans HTTP/1.1" 200 3801
INFO 2021-05-16 19:53:11,047 basehttp 19224 5688 "GET /static/MatPlan/Planner.css HTTP/1.1" 200 124
INFO 2021-05-16 19:55:32,716 basehttp 19224 9476 "GET /Plans HTTP/1.1" 200 3864
INFO 2021-05-16 19:55:32,752 basehttp 19224 9476 "GET /static/MatPlan/Planner.css HTTP/1.1" 200 189
INFO 2021-05-16 19:55:49,061 basehttp 19224 9012 "GET /Plans HTTP/1.1" 200 3864
INFO 2021-05-16 19:55:49,089 basehttp 19224 9012 "GET /static/MatPlan/Planner.css HTTP/1.1" 200 209
INFO 2021-05-16 19:55:55,101 basehttp 19224 9012 "GET /Plans HTTP/1.1" 200 3864
INFO 2021-05-16 19:55:55,127 basehttp 19224 9012 "GET /static/MatPlan/Planner.css HTTP/1.1" 200 211
INFO 2021-05-16 19:56:09,392 basehttp 19224 9912 "GET /Plans HTTP/1.1" 200 3864
INFO 2021-05-16 19:56:09,424 basehttp 19224 9912 "GET /static/MatPlan/Planner.css HTTP/1.1" 200 230
INFO 2021-05-16 19:56:23,265 basehttp 19224 5308 "GET /Plans HTTP/1.1" 200 3864
INFO 2021-05-16 19:56:23,297 basehttp 19224 5308 "GET /static/MatPlan/Planner.css HTTP/1.1" 200 229
INFO 2021-05-16 19:56:46,714 basehttp 19224 1136 "GET /Plans HTTP/1.1" 200 3864
INFO 2021-05-16 19:56:46,746 basehttp 19224 1136 "GET /static/MatPlan/Planner.css HTTP/1.1" 200 226
INFO 2021-05-16 19:56:52,354 basehttp 19224 18852 "GET /Plans HTTP/1.1" 200 3864
INFO 2021-05-16 19:56:52,423 basehttp 19224 18852 "GET /static/MatPlan/Planner.css HTTP/1.1" 200 227
INFO 2021-05-16 19:56:57,300 basehttp 19224 20012 "GET /Plans HTTP/1.1" 200 3864
INFO 2021-05-16 19:56:57,328 basehttp 19224 20012 "GET /static/MatPlan/Planner.css HTTP/1.1" 200 228
INFO 2021-05-16 19:57:02,633 basehttp 19224 20012 "GET /Plans HTTP/1.1" 200 3864
INFO 2021-05-16 19:57:02,661 basehttp 19224 20012 "GET /static/MatPlan/Planner.css HTTP/1.1" 200 227
INFO 2021-05-16 19:58:52,819 basehttp 19224 22992 "GET /Plans HTTP/1.1" 200 4140
INFO 2021-05-16 19:58:52,852 basehttp 19224 22992 "GET /static/MatPlan/Planner.css HTTP/1.1" 304 0
INFO 2021-05-16 19:59:04,977 basehttp 19224 24224 "GET /Plans HTTP/1.1" 200 4140
INFO 2021-05-16 19:59:05,009 basehttp 19224 24224 "GET /static/MatPlan/Planner.css HTTP/1.1" 200 231
